<?xml version="1.0" encoding="UTF-8"?>
<!-- Generated by org.testng.reporters.JUnitXMLReporter -->
<testsuite ignored="0" hostname="DESKTOP-UFSS8DA" failures="0" tests="1" name="Contact Test" time="0.112" errors="0" timestamp="2025-03-19T21:17:08 IST">
  <testcase classname="base.BaseClass" name="@BeforeMethod invokeBrowser" time="-1.742399228804E9">
    <failure type="org.testng.TestNGException" message="
Parameter &amp;apos;browser&amp;apos; is required by BeforeMethod on method invokeBrowser but has not been marked @Optional or defined
in C:\Users\Windows\eclipse-workspace\Wipro_Capstone_Project\testng.xml">
      <![CDATA[org.testng.TestNGException: 
Parameter 'browser' is required by BeforeMethod on method invokeBrowser but has not been marked @Optional or defined
in C:\Users\Windows\eclipse-workspace\Wipro_Capstone_Project\testng.xml
at java.base/java.util.ArrayList.forEach(ArrayList.java:1597)
at java.base/java.util.concurrent.FutureTask.run(FutureTask.java:317)
at java.base/java.util.concurrent.ThreadPoolExecutor.runWorker(ThreadPoolExecutor.java:1144)
at java.base/java.util.concurrent.ThreadPoolExecutor$Worker.run(ThreadPoolExecutor.java:642)
at java.base/java.lang.Thread.run(Thread.java:1575)
... Removed 19 stack frames]]>
    </failure>
  </testcase> <!-- @BeforeMethod invokeBrowser -->
  <testcase classname="TestCases.ContactTest" name="@BeforeMethod setUp" time="-1.742399228825E9">
    <skipped/>
  </testcase> <!-- @BeforeMethod setUp -->
  <testcase classname="TestCases.ContactTest" name="@AfterMethod tearDownTest" time="-1.742399228868E9">
    <skipped/>
  </testcase> <!-- @AfterMethod tearDownTest -->
  <testcase classname="TestCases.ContactTest" name="testSubmitContactForm" time="0.0">
    <skipped/>
  </testcase> <!-- testSubmitContactForm -->
</testsuite> <!-- Contact Test -->
