<?xml version="1.0" encoding="UTF-8"?>
<!-- Generated by org.testng.reporters.JUnitXMLReporter -->
<testsuite ignored="0" hostname="DESKTOP-UFSS8DA" failures="2" tests="8" name="Edge Tests" time="1.475" errors="0" timestamp="2025-03-19T20:58:58 IST">
  <testcase classname="TestCases.AboutUsTest" name="@BeforeMethod setUp" time="0.001">
    <failure type="java.lang.NullPointerException" message="Cannot invoke &amp;quot;org.openqa.selenium.WebDriver.manage()&amp;quot; because &amp;quot;base.BaseClass.driver&amp;quot; is null">
      <![CDATA[java.lang.NullPointerException: Cannot invoke "org.openqa.selenium.WebDriver.manage()" because "base.BaseClass.driver" is null
at base.BaseClass.invokeBrowser(BaseClass.java:52)
at TestCases.AboutUsTest.setUp(AboutUsTest.java:21)
at java.base/java.util.ArrayList.forEach(ArrayList.java:1597)
at java.base/java.util.concurrent.FutureTask.run(FutureTask.java:317)
at java.base/java.util.concurrent.ThreadPoolExecutor.runWorker(ThreadPoolExecutor.java:1144)
at java.base/java.util.concurrent.ThreadPoolExecutor$Worker.run(ThreadPoolExecutor.java:642)
at java.base/java.lang.Thread.run(Thread.java:1575)
... Removed 20 stack frames]]>
    </failure>
  </testcase> <!-- @BeforeMethod setUp -->
  <testcase classname="TestCases.AboutUsTest" name="@AfterMethod tearDownTest" time="-1.742398138259E9">
    <skipped/>
  </testcase> <!-- @AfterMethod tearDownTest -->
  <testcase classname="TestCases.CategoryTest" name="@BeforeMethod setUp" time="0.001">
    <failure type="java.lang.NullPointerException" message="Cannot invoke &amp;quot;org.openqa.selenium.WebDriver.manage()&amp;quot; because &amp;quot;base.BaseClass.driver&amp;quot; is null">
      <![CDATA[java.lang.NullPointerException: Cannot invoke "org.openqa.selenium.WebDriver.manage()" because "base.BaseClass.driver" is null
at base.BaseClass.invokeBrowser(BaseClass.java:52)
at TestCases.CategoryTest.setUp(CategoryTest.java:21)
at java.base/java.util.ArrayList.forEach(ArrayList.java:1597)
at java.base/java.util.concurrent.FutureTask.run(FutureTask.java:317)
at java.base/java.util.concurrent.ThreadPoolExecutor.runWorker(ThreadPoolExecutor.java:1144)
at java.base/java.util.concurrent.ThreadPoolExecutor$Worker.run(ThreadPoolExecutor.java:642)
at java.base/java.lang.Thread.run(Thread.java:1575)
... Removed 20 stack frames]]>
    </failure>
  </testcase> <!-- @BeforeMethod setUp -->
  <testcase classname="TestCases.CategoryTest" name="@AfterMethod tearDownTest" time="-1.742398138276E9">
    <skipped/>
  </testcase> <!-- @AfterMethod tearDownTest -->
  <testcase classname="TestCases.LoginTest" name="@BeforeMethod setUp" time="0.001">
    <failure type="java.lang.NullPointerException" message="Cannot invoke &amp;quot;org.openqa.selenium.WebDriver.manage()&amp;quot; because &amp;quot;base.BaseClass.driver&amp;quot; is null">
      <![CDATA[java.lang.NullPointerException: Cannot invoke "org.openqa.selenium.WebDriver.manage()" because "base.BaseClass.driver" is null
at base.BaseClass.invokeBrowser(BaseClass.java:52)
at TestCases.LoginTest.setUp(LoginTest.java:25)
at java.base/java.util.ArrayList.forEach(ArrayList.java:1597)
at java.base/java.util.concurrent.FutureTask.run(FutureTask.java:317)
at java.base/java.util.concurrent.ThreadPoolExecutor.runWorker(ThreadPoolExecutor.java:1144)
at java.base/java.util.concurrent.ThreadPoolExecutor$Worker.run(ThreadPoolExecutor.java:642)
at java.base/java.lang.Thread.run(Thread.java:1575)
... Removed 20 stack frames]]>
    </failure>
  </testcase> <!-- @BeforeMethod setUp -->
  <testcase classname="TestCases.LoginTest" name="@AfterMethod tearDownTest" time="-1.74239813833E9">
    <skipped/>
  </testcase> <!-- @AfterMethod tearDownTest -->
  <testcase classname="TestCases.CartTest" name="@BeforeMethod setUp" time="0.002">
    <failure type="java.lang.NullPointerException" message="Cannot invoke &amp;quot;org.openqa.selenium.WebDriver.manage()&amp;quot; because &amp;quot;base.BaseClass.driver&amp;quot; is null">
      <![CDATA[java.lang.NullPointerException: Cannot invoke "org.openqa.selenium.WebDriver.manage()" because "base.BaseClass.driver" is null
at base.BaseClass.invokeBrowser(BaseClass.java:52)
at TestCases.CartTest.setUp(CartTest.java:24)
at java.base/java.util.ArrayList.forEach(ArrayList.java:1597)
at java.base/java.util.concurrent.FutureTask.run(FutureTask.java:317)
at java.base/java.util.concurrent.ThreadPoolExecutor.runWorker(ThreadPoolExecutor.java:1144)
at java.base/java.util.concurrent.ThreadPoolExecutor$Worker.run(ThreadPoolExecutor.java:642)
at java.base/java.lang.Thread.run(Thread.java:1575)
... Removed 20 stack frames]]>
    </failure>
  </testcase> <!-- @BeforeMethod setUp -->
  <testcase classname="TestCases.CartTest" name="@AfterMethod tearDown" time="-1.742398138367E9">
    <skipped/>
  </testcase> <!-- @AfterMethod tearDown -->
  <testcase classname="TestCases.CartTest" name="@BeforeMethod setUp" time="-1.742398138373E9">
    <skipped/>
  </testcase> <!-- @BeforeMethod setUp -->
  <testcase classname="TestCases.CartTest" name="@AfterMethod tearDown" time="-1.742398138403E9">
    <skipped/>
  </testcase> <!-- @AfterMethod tearDown -->
  <testcase classname="TestCases.LoginTest" name="@BeforeMethod setUp" time="-1.742398138419E9">
    <skipped/>
  </testcase> <!-- @BeforeMethod setUp -->
  <testcase classname="TestCases.LoginTest" name="@AfterMethod tearDownTest" time="-1.742398138432E9">
    <skipped/>
  </testcase> <!-- @AfterMethod tearDownTest -->
  <testcase classname="io.cucumber.testng.AbstractTestNGCucumberTests" name="runScenario" time="0.935">
    <failure type="java.lang.NullPointerException" message="Cannot invoke &amp;quot;String.equalsIgnoreCase(String)&amp;quot; because &amp;quot;browser&amp;quot; is null">
      <![CDATA[java.lang.NullPointerException: Cannot invoke "String.equalsIgnoreCase(String)" because "browser" is null
at base.BaseClass.invokeBrowser(BaseClass.java:42)
at stepDefinations.SignupSteps.the_user_is_on_homepage(SignupSteps.java:29)
at âœ½.the user is on homepage(file:///C:/Users/Windows/eclipse-workspace/Wipro_Capstone_Project/./src/main/java/features/signup.feature:5)
]]>
    </failure>
  </testcase> <!-- runScenario -->
  <testcase classname="TestCases.AboutUsTest" name="testAboutUsNavigation" time="0.0">
    <skipped/>
  </testcase> <!-- testAboutUsNavigation -->
  <testcase classname="TestCases.CategoryTest" name="testAddingProductsFromDifferentCategories" time="0.0">
    <skipped/>
  </testcase> <!-- testAddingProductsFromDifferentCategories -->
  <testcase classname="TestCases.ContactTest" name="testSubmitContactForm" time="0.0">
    <failure type="org.testng.TestNGException" message="
Parameter &amp;apos;contactEmail&amp;apos; is required by @Test on method testSubmitContactForm but has not been marked @Optional or defined
in C:\Users\Windows\eclipse-workspace\Wipro_Capstone_Project\testng.xml">
      <![CDATA[org.testng.TestNGException: 
Parameter 'contactEmail' is required by @Test on method testSubmitContactForm but has not been marked @Optional or defined
in C:\Users\Windows\eclipse-workspace\Wipro_Capstone_Project\testng.xml
at java.base/java.util.ArrayList.forEach(ArrayList.java:1597)
at java.base/java.util.concurrent.FutureTask.run(FutureTask.java:317)
at java.base/java.util.concurrent.ThreadPoolExecutor.runWorker(ThreadPoolExecutor.java:1144)
at java.base/java.util.concurrent.ThreadPoolExecutor$Worker.run(ThreadPoolExecutor.java:642)
at java.base/java.lang.Thread.run(Thread.java:1575)
... Removed 17 stack frames]]>
    </failure>
  </testcase> <!-- testSubmitContactForm -->
  <testcase classname="TestCases.LoginTest" name="testInvalidLogin" time="0.0">
    <skipped/>
  </testcase> <!-- testInvalidLogin -->
  <testcase classname="TestCases.CartTest" name="testOrderPlacement" time="0.0">
    <skipped/>
  </testcase> <!-- testOrderPlacement -->
  <testcase classname="TestCases.CartTest" name="testDeleteProductFromCart" time="0.0">
    <skipped/>
  </testcase> <!-- testDeleteProductFromCart -->
  <testcase classname="TestCases.LoginTest" name="testValidLogin" time="0.0">
    <skipped/>
  </testcase> <!-- testValidLogin -->
</testsuite> <!-- Edge Tests -->
