<?xml version="1.0" encoding="UTF-8"?>
<!-- Generated by org.testng.reporters.JUnitXMLReporter -->
<testsuite ignored="0" hostname="DESKTOP-UFSS8DA" failures="0" tests="2" name="FirefoxTest" time="0.218" errors="0" timestamp="2025-03-19T20:38:57 IST">
  <testcase classname="TestCases.CartTest" name="@BeforeMethod setUp" time="0.005">
    <failure type="java.lang.NullPointerException" message="Cannot invoke &amp;quot;org.openqa.selenium.WebDriver.manage()&amp;quot; because &amp;quot;base.BaseClass.driver&amp;quot; is null">
      <![CDATA[java.lang.NullPointerException: Cannot invoke "org.openqa.selenium.WebDriver.manage()" because "base.BaseClass.driver" is null
at base.BaseClass.invokeBrowser(BaseClass.java:52)
at TestCases.CartTest.setUp(CartTest.java:21)
at java.base/java.util.ArrayList.forEach(ArrayList.java:1597)
at java.base/java.util.concurrent.FutureTask.run(FutureTask.java:317)
at java.base/java.util.concurrent.ThreadPoolExecutor.runWorker(ThreadPoolExecutor.java:1144)
at java.base/java.util.concurrent.ThreadPoolExecutor$Worker.run(ThreadPoolExecutor.java:642)
at java.base/java.lang.Thread.run(Thread.java:1575)
... Removed 20 stack frames]]>
    </failure>
  </testcase> <!-- @BeforeMethod setUp -->
  <testcase classname="TestCases.CartTest" name="@BeforeMethod setUp" time="0.006">
    <failure type="java.lang.NullPointerException" message="Cannot invoke &amp;quot;org.openqa.selenium.WebDriver.manage()&amp;quot; because &amp;quot;base.BaseClass.driver&amp;quot; is null">
      <![CDATA[java.lang.NullPointerException: Cannot invoke "org.openqa.selenium.WebDriver.manage()" because "base.BaseClass.driver" is null
at base.BaseClass.invokeBrowser(BaseClass.java:52)
at TestCases.CartTest.setUp(CartTest.java:21)
at java.base/java.util.ArrayList.forEach(ArrayList.java:1597)
at java.base/java.util.concurrent.FutureTask.run(FutureTask.java:317)
at java.base/java.util.concurrent.ThreadPoolExecutor.runWorker(ThreadPoolExecutor.java:1144)
at java.base/java.util.concurrent.ThreadPoolExecutor$Worker.run(ThreadPoolExecutor.java:642)
at java.base/java.lang.Thread.run(Thread.java:1575)
... Removed 20 stack frames]]>
    </failure>
  </testcase> <!-- @BeforeMethod setUp -->
  <testcase classname="TestCases.CartTest" name="@AfterMethod tearDown" time="-1.742396937441E9">
    <skipped/>
  </testcase> <!-- @AfterMethod tearDown -->
  <testcase classname="TestCases.CartTest" name="@BeforeMethod setUp" time="-1.742396937454E9">
    <skipped/>
  </testcase> <!-- @BeforeMethod setUp -->
  <testcase classname="TestCases.CartTest" name="@AfterMethod tearDown" time="-1.742396937444E9">
    <skipped/>
  </testcase> <!-- @AfterMethod tearDown -->
  <testcase classname="TestCases.CartTest" name="@BeforeMethod setUp" time="-1.742396937461E9">
    <skipped/>
  </testcase> <!-- @BeforeMethod setUp -->
  <testcase classname="TestCases.CartTest" name="@AfterMethod tearDown" time="-1.742396937492E9">
    <skipped/>
  </testcase> <!-- @AfterMethod tearDown -->
  <testcase classname="TestCases.CartTest" name="@AfterMethod tearDown" time="-1.742396937485E9">
    <skipped/>
  </testcase> <!-- @AfterMethod tearDown -->
  <testcase classname="TestCases.CartTest" name="testOrderPlacement" time="0.0">
    <skipped/>
  </testcase> <!-- testOrderPlacement -->
  <testcase classname="TestCases.CartTest" name="testDeleteProductFromCart" time="0.0">
    <skipped/>
  </testcase> <!-- testDeleteProductFromCart -->
</testsuite> <!-- FirefoxTest -->
